


ARM Macro Assembler    Page 1 


    1 00000000                 AREA             My_Constants, CODE, READONLY
    2 00000000                 THUMB
    3 00000000         
    4 00000000         ;defining addresses here for practice
    5 00000000         
    6 00000000         ;general base addresses
    7 00000000 40059000 
                       AHB_PORTB
                               EQU              0x40059000
    8 00000000 40058000 
                       AHB_PORTA
                               EQU              0x40058000
    9 00000000 400FE000 
                       SYS_CONTROL
                               EQU              0x400FE000
   10 00000000 E000E000 
                       SYS_PERIPH
                               EQU              0xE000E000
   11 00000000 40030000 
                       TIMER16_0
                               EQU              0x40030000
   12 00000000 40034000 
                       TIMER16_4
                               EQU              0x40034000
   13 00000000 4000C000 
                       UART0   EQU              0x4000C000
   14 00000000 4000D000 
                       UART1   EQU              0x4000D000
   15 00000000         
   16 00000000         ;offsets
   17 00000000         ;RCGC Run-time offsets
   18 00000000 00000608 
                       RCGCGPIO
                               EQU              0x608
   19 00000000 00000604 
                       RCGCTIMER
                               EQU              0x604
   20 00000000 00000618 
                       RCGCUART
                               EQU              0x618
   21 00000000         ;GPIO offsets
   22 00000000 0000006C 
                       GPIOHBCTL
                               EQU              0x06C
   23 00000000 0000052C 
                       GPIOCTL EQU              0x52C
   24 00000000 00000400 
                       GPIODIR EQU              0X400
   25 00000000 00000420 
                       GPIOAFSEL
                               EQU              0X420
   26 00000000 00000500 
                       GPIODR2R
                               EQU              0X500
   27 00000000 00000510 
                       GPIOPUR EQU              0X510
   28 00000000 0000051C 
                       GPIODEN EQU              0X51C
   29 00000000 0000052C 



ARM Macro Assembler    Page 2 


                       GPIOPCTL
                               EQU              0x52C
   30 00000000 00000080 
                       GPIODATAPB5
                               EQU              0x080       ; 0x3FC
   31 00000000         ;SysTick offsets
   32 00000000 00000010 
                       STCTRL  EQU              0X010
   33 00000000 00000014 
                       STRELOAD
                               EQU              0X014
   34 00000000 00000018 
                       STCURRENT
                               EQU              0X018
   35 00000000 00000D20 
                       SYSPRI3 EQU              0XD20
   36 00000000         ;NVIC offsets
   37 00000000 00000100 
                       NVIC_ENn
                               EQU              0x100
   38 00000000 00000180 
                       NVIC_DISn
                               EQU              0x180
   39 00000000 00000440 
                       NVIC_PRIn
                               EQU              0x440
   40 00000000         ;Timer offsets
   41 00000000 0000000C 
                       GPTMCTL EQU              0x00C
   42 00000000 00000000 
                       GPTMCFG EQU              0x000
   43 00000000 00000004 
                       GPTMTAMR
                               EQU              0x004
   44 00000000 00000008 
                       GPTMTBMR
                               EQU              0x008
   45 00000000 00000028 
                       GPTMTAILR
                               EQU              0x028
   46 00000000 0000002C 
                       GPTMTBILR
                               EQU              0x02C
   47 00000000 00000038 
                       GPTMTAPR
                               EQU              0x038
   48 00000000 0000003C 
                       GPTMTBPR
                               EQU              0x03C
   49 00000000 00000018 
                       GPTMIMR EQU              0x018
   50 00000000 0000001C 
                       GPTMRIS EQU              0x01C
   51 00000000 00000024 
                       GPTMICR EQU              0x024
   52 00000000 00000050 
                       GPTMTAV EQU              0X050
   53 00000000 00000054 
                       GPTMTBV EQU              0x054



ARM Macro Assembler    Page 3 


   54 00000000 00000048 
                       GPTMTAR EQU              0x048
   55 00000000 0000004C 
                       GPTMTBR EQU              0x04C
   56 00000000 00000020 
                       GPTMMIS EQU              0x020
   57 00000000         ;UART offsets
   58 00000000 00000FC8 
                       UARTCC  EQU              0xFC8
   59 00000000 00000030 
                       UARTCTL EQU              0x030
   60 00000000 00000024 
                       UARTIBRD
                               EQU              0x024
   61 00000000 00000028 
                       UARTFBRD
                               EQU              0x028
   62 00000000 0000002C 
                       UARTLCRH
                               EQU              0x02C
   63 00000000 00000018 
                       UARTFR  EQU              0x018
   64 00000000 00000004 
                       UARTRSR EQU              0x004
   65 00000000 00000034 
                       UARTIFLS
                               EQU              0x034
   66 00000000 0000003C 
                       UARTRIS EQU              0x03C
   67 00000000 00000038 
                       UARTIM  EQU              0x038
   68 00000000 00000040 
                       UARTMIS EQU              0x040
   69 00000000 00000044 
                       UARTICR EQU              0x044
   70 00000000 00000000 
                       UARTDR  EQU              0x000
   71 00000000         
   72 00000000         ;FIFO constants
   73 00000000         ;ALIGN 2
   74 00000000 00000010 
                       SIZE    EQU              16
   75 00000000 00000001 
                       SUCCESS EQU              1
   76 00000000 00000000 
                       FAIL    EQU              0
   77 00000000         
   78 00000000         ;GPIODATA Toggle bits
   79 00000000 00000020 
                       GPIOP5  EQU              0x20
   80 00000000         
   81 00000000                 END
Command Line: --debug --xref --diag_suppress=9931 --cpu=Cortex-M4.fp --apcs=int
erwork --depend=.\objects\my_constants.d -o.\objects\my_constants.o -IC:\ti\Tiv
aWare_C_Series-2.1.4.178\examples\boards\my_projects\TM4C123GX-OS-RR\RTE -IC:\K
eil_v5\ARM\PACK\Keil\TM4C_DFP\1.1.0\Device\Include\TM4C123 -IC:\Keil_v5\ARM\CMS
IS\Include --predefine="__EVAL SETA 1" --predefine="__UVISION_VERSION SETA 521"
 --predefine="TM4C123GH6PM SETA 1" --list=.\listings\my_constants.lst my_Consta
nts.s



ARM Macro Assembler    Page 1 Alphabetic symbol ordering
Relocatable symbols

My_Constants 00000000

Symbol: My_Constants
   Definitions
      At line 1 in file my_Constants.s
   Uses
      None
Comment: My_Constants unused
1 symbol



ARM Macro Assembler    Page 1 Alphabetic symbol ordering
Absolute symbols

AHB_PORTA 40058000

Symbol: AHB_PORTA
   Definitions
      At line 8 in file my_Constants.s
   Uses
      None
Comment: AHB_PORTA unused
AHB_PORTB 40059000

Symbol: AHB_PORTB
   Definitions
      At line 7 in file my_Constants.s
   Uses
      None
Comment: AHB_PORTB unused
FAIL 00000000

Symbol: FAIL
   Definitions
      At line 76 in file my_Constants.s
   Uses
      None
Comment: FAIL unused
GPIOAFSEL 00000420

Symbol: GPIOAFSEL
   Definitions
      At line 25 in file my_Constants.s
   Uses
      None
Comment: GPIOAFSEL unused
GPIOCTL 0000052C

Symbol: GPIOCTL
   Definitions
      At line 23 in file my_Constants.s
   Uses
      None
Comment: GPIOCTL unused
GPIODATAPB5 00000080

Symbol: GPIODATAPB5
   Definitions
      At line 30 in file my_Constants.s
   Uses
      None
Comment: GPIODATAPB5 unused
GPIODEN 0000051C

Symbol: GPIODEN
   Definitions
      At line 28 in file my_Constants.s
   Uses
      None
Comment: GPIODEN unused
GPIODIR 00000400

Symbol: GPIODIR



ARM Macro Assembler    Page 2 Alphabetic symbol ordering
Absolute symbols

   Definitions
      At line 24 in file my_Constants.s
   Uses
      None
Comment: GPIODIR unused
GPIODR2R 00000500

Symbol: GPIODR2R
   Definitions
      At line 26 in file my_Constants.s
   Uses
      None
Comment: GPIODR2R unused
GPIOHBCTL 0000006C

Symbol: GPIOHBCTL
   Definitions
      At line 22 in file my_Constants.s
   Uses
      None
Comment: GPIOHBCTL unused
GPIOP5 00000020

Symbol: GPIOP5
   Definitions
      At line 79 in file my_Constants.s
   Uses
      None
Comment: GPIOP5 unused
GPIOPCTL 0000052C

Symbol: GPIOPCTL
   Definitions
      At line 29 in file my_Constants.s
   Uses
      None
Comment: GPIOPCTL unused
GPIOPUR 00000510

Symbol: GPIOPUR
   Definitions
      At line 27 in file my_Constants.s
   Uses
      None
Comment: GPIOPUR unused
GPTMCFG 00000000

Symbol: GPTMCFG
   Definitions
      At line 42 in file my_Constants.s
   Uses
      None
Comment: GPTMCFG unused
GPTMCTL 0000000C

Symbol: GPTMCTL
   Definitions
      At line 41 in file my_Constants.s
   Uses



ARM Macro Assembler    Page 3 Alphabetic symbol ordering
Absolute symbols

      None
Comment: GPTMCTL unused
GPTMICR 00000024

Symbol: GPTMICR
   Definitions
      At line 51 in file my_Constants.s
   Uses
      None
Comment: GPTMICR unused
GPTMIMR 00000018

Symbol: GPTMIMR
   Definitions
      At line 49 in file my_Constants.s
   Uses
      None
Comment: GPTMIMR unused
GPTMMIS 00000020

Symbol: GPTMMIS
   Definitions
      At line 56 in file my_Constants.s
   Uses
      None
Comment: GPTMMIS unused
GPTMRIS 0000001C

Symbol: GPTMRIS
   Definitions
      At line 50 in file my_Constants.s
   Uses
      None
Comment: GPTMRIS unused
GPTMTAILR 00000028

Symbol: GPTMTAILR
   Definitions
      At line 45 in file my_Constants.s
   Uses
      None
Comment: GPTMTAILR unused
GPTMTAMR 00000004

Symbol: GPTMTAMR
   Definitions
      At line 43 in file my_Constants.s
   Uses
      None
Comment: GPTMTAMR unused
GPTMTAPR 00000038

Symbol: GPTMTAPR
   Definitions
      At line 47 in file my_Constants.s
   Uses
      None
Comment: GPTMTAPR unused
GPTMTAR 00000048



ARM Macro Assembler    Page 4 Alphabetic symbol ordering
Absolute symbols


Symbol: GPTMTAR
   Definitions
      At line 54 in file my_Constants.s
   Uses
      None
Comment: GPTMTAR unused
GPTMTAV 00000050

Symbol: GPTMTAV
   Definitions
      At line 52 in file my_Constants.s
   Uses
      None
Comment: GPTMTAV unused
GPTMTBILR 0000002C

Symbol: GPTMTBILR
   Definitions
      At line 46 in file my_Constants.s
   Uses
      None
Comment: GPTMTBILR unused
GPTMTBMR 00000008

Symbol: GPTMTBMR
   Definitions
      At line 44 in file my_Constants.s
   Uses
      None
Comment: GPTMTBMR unused
GPTMTBPR 0000003C

Symbol: GPTMTBPR
   Definitions
      At line 48 in file my_Constants.s
   Uses
      None
Comment: GPTMTBPR unused
GPTMTBR 0000004C

Symbol: GPTMTBR
   Definitions
      At line 55 in file my_Constants.s
   Uses
      None
Comment: GPTMTBR unused
GPTMTBV 00000054

Symbol: GPTMTBV
   Definitions
      At line 53 in file my_Constants.s
   Uses
      None
Comment: GPTMTBV unused
NVIC_DISn 00000180

Symbol: NVIC_DISn
   Definitions



ARM Macro Assembler    Page 5 Alphabetic symbol ordering
Absolute symbols

      At line 38 in file my_Constants.s
   Uses
      None
Comment: NVIC_DISn unused
NVIC_ENn 00000100

Symbol: NVIC_ENn
   Definitions
      At line 37 in file my_Constants.s
   Uses
      None
Comment: NVIC_ENn unused
NVIC_PRIn 00000440

Symbol: NVIC_PRIn
   Definitions
      At line 39 in file my_Constants.s
   Uses
      None
Comment: NVIC_PRIn unused
RCGCGPIO 00000608

Symbol: RCGCGPIO
   Definitions
      At line 18 in file my_Constants.s
   Uses
      None
Comment: RCGCGPIO unused
RCGCTIMER 00000604

Symbol: RCGCTIMER
   Definitions
      At line 19 in file my_Constants.s
   Uses
      None
Comment: RCGCTIMER unused
RCGCUART 00000618

Symbol: RCGCUART
   Definitions
      At line 20 in file my_Constants.s
   Uses
      None
Comment: RCGCUART unused
SIZE 00000010

Symbol: SIZE
   Definitions
      At line 74 in file my_Constants.s
   Uses
      None
Comment: SIZE unused
STCTRL 00000010

Symbol: STCTRL
   Definitions
      At line 32 in file my_Constants.s
   Uses
      None



ARM Macro Assembler    Page 6 Alphabetic symbol ordering
Absolute symbols

Comment: STCTRL unused
STCURRENT 00000018

Symbol: STCURRENT
   Definitions
      At line 34 in file my_Constants.s
   Uses
      None
Comment: STCURRENT unused
STRELOAD 00000014

Symbol: STRELOAD
   Definitions
      At line 33 in file my_Constants.s
   Uses
      None
Comment: STRELOAD unused
SUCCESS 00000001

Symbol: SUCCESS
   Definitions
      At line 75 in file my_Constants.s
   Uses
      None
Comment: SUCCESS unused
SYSPRI3 00000D20

Symbol: SYSPRI3
   Definitions
      At line 35 in file my_Constants.s
   Uses
      None
Comment: SYSPRI3 unused
SYS_CONTROL 400FE000

Symbol: SYS_CONTROL
   Definitions
      At line 9 in file my_Constants.s
   Uses
      None
Comment: SYS_CONTROL unused
SYS_PERIPH E000E000

Symbol: SYS_PERIPH
   Definitions
      At line 10 in file my_Constants.s
   Uses
      None
Comment: SYS_PERIPH unused
TIMER16_0 40030000

Symbol: TIMER16_0
   Definitions
      At line 11 in file my_Constants.s
   Uses
      None
Comment: TIMER16_0 unused
TIMER16_4 40034000




ARM Macro Assembler    Page 7 Alphabetic symbol ordering
Absolute symbols

Symbol: TIMER16_4
   Definitions
      At line 12 in file my_Constants.s
   Uses
      None
Comment: TIMER16_4 unused
UART0 4000C000

Symbol: UART0
   Definitions
      At line 13 in file my_Constants.s
   Uses
      None
Comment: UART0 unused
UART1 4000D000

Symbol: UART1
   Definitions
      At line 14 in file my_Constants.s
   Uses
      None
Comment: UART1 unused
UARTCC 00000FC8

Symbol: UARTCC
   Definitions
      At line 58 in file my_Constants.s
   Uses
      None
Comment: UARTCC unused
UARTCTL 00000030

Symbol: UARTCTL
   Definitions
      At line 59 in file my_Constants.s
   Uses
      None
Comment: UARTCTL unused
UARTDR 00000000

Symbol: UARTDR
   Definitions
      At line 70 in file my_Constants.s
   Uses
      None
Comment: UARTDR unused
UARTFBRD 00000028

Symbol: UARTFBRD
   Definitions
      At line 61 in file my_Constants.s
   Uses
      None
Comment: UARTFBRD unused
UARTFR 00000018

Symbol: UARTFR
   Definitions
      At line 63 in file my_Constants.s



ARM Macro Assembler    Page 8 Alphabetic symbol ordering
Absolute symbols

   Uses
      None
Comment: UARTFR unused
UARTIBRD 00000024

Symbol: UARTIBRD
   Definitions
      At line 60 in file my_Constants.s
   Uses
      None
Comment: UARTIBRD unused
UARTICR 00000044

Symbol: UARTICR
   Definitions
      At line 69 in file my_Constants.s
   Uses
      None
Comment: UARTICR unused
UARTIFLS 00000034

Symbol: UARTIFLS
   Definitions
      At line 65 in file my_Constants.s
   Uses
      None
Comment: UARTIFLS unused
UARTIM 00000038

Symbol: UARTIM
   Definitions
      At line 67 in file my_Constants.s
   Uses
      None
Comment: UARTIM unused
UARTLCRH 0000002C

Symbol: UARTLCRH
   Definitions
      At line 62 in file my_Constants.s
   Uses
      None
Comment: UARTLCRH unused
UARTMIS 00000040

Symbol: UARTMIS
   Definitions
      At line 68 in file my_Constants.s
   Uses
      None
Comment: UARTMIS unused
UARTRIS 0000003C

Symbol: UARTRIS
   Definitions
      At line 66 in file my_Constants.s
   Uses
      None
Comment: UARTRIS unused



ARM Macro Assembler    Page 9 Alphabetic symbol ordering
Absolute symbols

UARTRSR 00000004

Symbol: UARTRSR
   Definitions
      At line 64 in file my_Constants.s
   Uses
      None
Comment: UARTRSR unused
60 symbols
394 symbols in table
