


ARM Macro Assembler    Page 1 


    1 00000000         ; <<< Use Configuration Wizard in Context Menu >>>
    2 00000000         ;*******************************************************
                       ***********************
    3 00000000         ;
    4 00000000         ; startup_rvmdk.S - Startup code for use with Keil's uVi
                       sion.
    5 00000000         ;
    6 00000000         ; Copyright (c) 2012-2017 Texas Instruments Incorporated
                       .  All rights reserved.
    7 00000000         ; Software License Agreement
    8 00000000         ; 
    9 00000000         ; Texas Instruments (TI) is supplying this software for 
                       use solely and
   10 00000000         ; exclusively on TI's microcontroller products. The soft
                       ware is owned by
   11 00000000         ; TI and/or its suppliers, and is protected under applic
                       able copyright
   12 00000000         ; laws. You may not combine this software with "viral" o
                       pen-source
   13 00000000         ; software in order to form a larger program.
   14 00000000         ; 
   15 00000000         ; THIS SOFTWARE IS PROVIDED "AS IS" AND WITH ALL FAULTS.
                       
   16 00000000         ; NO WARRANTIES, WHETHER EXPRESS, IMPLIED OR STATUTORY, 
                       INCLUDING, BUT
   17 00000000         ; NOT LIMITED TO, IMPLIED WARRANTIES OF MERCHANTABILITY 
                       AND FITNESS FOR
   18 00000000         ; A PARTICULAR PURPOSE APPLY TO THIS SOFTWARE. TI SHALL 
                       NOT, UNDER ANY
   19 00000000         ; CIRCUMSTANCES, BE LIABLE FOR SPECIAL, INCIDENTAL, OR C
                       ONSEQUENTIAL
   20 00000000         ; DAMAGES, FOR ANY REASON WHATSOEVER.
   21 00000000         ; 
   22 00000000         ; This is part of revision 2.1.4.178 of the EK-TM4C123GX
                       L Firmware Package.
   23 00000000         ;
   24 00000000         ;*******************************************************
                       ***********************
   25 00000000         
   26 00000000         ;*******************************************************
                       ***********************
   27 00000000         ;
   28 00000000         ; <o> Stack Size (in Bytes) <0x0-0xFFFFFFFF:8>
   29 00000000         ;
   30 00000000         ;*******************************************************
                       ***********************
   31 00000000 00000200 
                       Stack   EQU              0x00000200
   32 00000000         
   33 00000000         ;*******************************************************
                       ***********************
   34 00000000         ;
   35 00000000         ; <o> Heap Size (in Bytes) <0x0-0xFFFFFFFF:8>
   36 00000000         ;
   37 00000000         ;*******************************************************
                       ***********************
   38 00000000 00000000 
                       Heap    EQU              0x00000000
   39 00000000         



ARM Macro Assembler    Page 2 


   40 00000000         ;*******************************************************
                       ***********************
   41 00000000         ;
   42 00000000         ; Allocate space for the stack.
   43 00000000         ;
   44 00000000         ;*******************************************************
                       ***********************
   45 00000000         
   46 00000000         ;includes constants I define to startup file
   47 00000000                 INCLUDE          my_Constants.s
    1 00000000                 AREA             My_Constants, CODE, READONLY
    2 00000000                 THUMB
    3 00000000         
    4 00000000         ;defining addresses here for practice
    5 00000000         
    6 00000000         ;general base addresses
    7 00000000 40059000 
                       AHB_PORTB
                               EQU              0x40059000
    8 00000000 40058000 
                       AHB_PORTA
                               EQU              0x40058000
    9 00000000 400FE000 
                       SYS_CONTROL
                               EQU              0x400FE000
   10 00000000 E000E000 
                       SYS_PERIPH
                               EQU              0xE000E000
   11 00000000 40030000 
                       TIMER16_0
                               EQU              0x40030000
   12 00000000 40034000 
                       TIMER16_4
                               EQU              0x40034000
   13 00000000 4000C000 
                       UART0   EQU              0x4000C000
   14 00000000 4000D000 
                       UART1   EQU              0x4000D000
   15 00000000         
   16 00000000         ;offsets
   17 00000000         ;RCGC Run-time offsets
   18 00000000 00000608 
                       RCGCGPIO
                               EQU              0x608
   19 00000000 00000604 
                       RCGCTIMER
                               EQU              0x604
   20 00000000 00000618 
                       RCGCUART
                               EQU              0x618
   21 00000000         ;GPIO offsets
   22 00000000 0000006C 
                       GPIOHBCTL
                               EQU              0x06C
   23 00000000 0000052C 
                       GPIOCTL EQU              0x52C
   24 00000000 00000400 
                       GPIODIR EQU              0X400
   25 00000000 00000420 



ARM Macro Assembler    Page 3 


                       GPIOAFSEL
                               EQU              0X420
   26 00000000 00000500 
                       GPIODR2R
                               EQU              0X500
   27 00000000 00000510 
                       GPIOPUR EQU              0X510
   28 00000000 0000051C 
                       GPIODEN EQU              0X51C
   29 00000000 0000052C 
                       GPIOPCTL
                               EQU              0x52C
   30 00000000 00000080 
                       GPIODATAPB5
                               EQU              0x080       ; 0x3FC
   31 00000000         ;SysTick offsets
   32 00000000 00000010 
                       STCTRL  EQU              0X010
   33 00000000 00000014 
                       STRELOAD
                               EQU              0X014
   34 00000000 00000018 
                       STCURRENT
                               EQU              0X018
   35 00000000 00000D20 
                       SYSPRI3 EQU              0XD20
   36 00000000         ;System Clock offsets
   37 00000000 00000060 
                       RCC     EQU              0X060
   38 00000000         ;NVIC offsets
   39 00000000 00000100 
                       NVIC_ENn
                               EQU              0x100
   40 00000000 00000180 
                       NVIC_DISn
                               EQU              0x180
   41 00000000 00000440 
                       NVIC_PRIn
                               EQU              0x440
   42 00000000         ;Timer offsets
   43 00000000 0000000C 
                       GPTMCTL EQU              0x00C
   44 00000000 00000000 
                       GPTMCFG EQU              0x000
   45 00000000 00000004 
                       GPTMTAMR
                               EQU              0x004
   46 00000000 00000008 
                       GPTMTBMR
                               EQU              0x008
   47 00000000 00000028 
                       GPTMTAILR
                               EQU              0x028
   48 00000000 0000002C 
                       GPTMTBILR
                               EQU              0x02C
   49 00000000 00000038 
                       GPTMTAPR
                               EQU              0x038



ARM Macro Assembler    Page 4 


   50 00000000 0000003C 
                       GPTMTBPR
                               EQU              0x03C
   51 00000000 00000018 
                       GPTMIMR EQU              0x018
   52 00000000 0000001C 
                       GPTMRIS EQU              0x01C
   53 00000000 00000024 
                       GPTMICR EQU              0x024
   54 00000000 00000050 
                       GPTMTAV EQU              0X050
   55 00000000 00000054 
                       GPTMTBV EQU              0x054
   56 00000000 00000048 
                       GPTMTAR EQU              0x048
   57 00000000 0000004C 
                       GPTMTBR EQU              0x04C
   58 00000000 00000020 
                       GPTMMIS EQU              0x020
   59 00000000         ;UART offsets
   60 00000000 00000FC8 
                       UARTCC  EQU              0xFC8
   61 00000000 00000030 
                       UARTCTL EQU              0x030
   62 00000000 00000024 
                       UARTIBRD
                               EQU              0x024
   63 00000000 00000028 
                       UARTFBRD
                               EQU              0x028
   64 00000000 0000002C 
                       UARTLCRH
                               EQU              0x02C
   65 00000000 00000018 
                       UARTFR  EQU              0x018
   66 00000000 00000004 
                       UARTRSR EQU              0x004
   67 00000000 00000034 
                       UARTIFLS
                               EQU              0x034
   68 00000000 0000003C 
                       UARTRIS EQU              0x03C
   69 00000000 00000038 
                       UARTIM  EQU              0x038
   70 00000000 00000040 
                       UARTMIS EQU              0x040
   71 00000000 00000044 
                       UARTICR EQU              0x044
   72 00000000 00000000 
                       UARTDR  EQU              0x000
   73 00000000         
   74 00000000         ;Other values
   75 00000000         ;Systick speed
   76 00000000         ;x = (time here)*(basec clock here). Can only hold 24 bi
                       ts
   77 00000000         ;Microseconds (1)
   78 00000000 00003E7F 
                       ONE_MS  EQU              0x003E7F
   79 00000000 000270FF 



ARM Macro Assembler    Page 5 


                       TEN_MS  EQU              0x0270FF
   80 00000000 001869FF 
                       HUN_MS  EQU              0x1869FF
   81 00000000         ;Microseconds (1)
   82 00000000 0000000F 
                       ONE_US  EQU              0x00000F
   83 00000000 00000063 
                       TEN_US  EQU              0x000063
   84 00000000 000003E7 
                       HUN_US  EQU              0x0003E7
   85 00000000         
   86 00000000         ;FIFO constants
   87 00000000         ;ALIGN 2
   88 00000000 00000010 
                       SIZE    EQU              16
   89 00000000 00000001 
                       SUCCESS EQU              1
   90 00000000 00000000 
                       FAIL    EQU              0
   91 00000000         
   92 00000000         ;GPIODATA Toggle bits
   93 00000000 00000020 
                       GPIOP5  EQU              0x20
   94 00000000         
   95 00000000                 END
   48 00000000         ;includes functions I define
   49 00000000         ;INCLUDE my_Subroutines.s
   50 00000000         ;Include variables I define to startup file
   51 00000000         ;IMPORT PB5_MASK
   52 00000000         ;IMPORT TxPutI
   53 00000000         ;IMPORT TxGetI
   54 00000000         ;IMPORT TxFifo
   55 00000000         ;IMPORT RxPutI
   56 00000000         ;IMPORT RxGetI
   57 00000000         ;IMPORT RxFifo
   58 00000000         
   59 00000000                 AREA             STACK, NOINIT, READWRITE, ALIGN
=3
   60 00000000         StackMem
   61 00000000                 SPACE            Stack
   62 00000200         __initial_sp
   63 00000200         
   64 00000200         ;*******************************************************
                       ***********************
   65 00000200         ;
   66 00000200         ; Allocate space for the heap.
   67 00000200         ;
   68 00000200         ;*******************************************************
                       ***********************
   69 00000200                 AREA             HEAP, NOINIT, READWRITE, ALIGN=
3
   70 00000000         __heap_base
   71 00000000         HeapMem
   72 00000000                 SPACE            Heap
   73 00000000         __heap_limit
   74 00000000         
   75 00000000         ;*******************************************************
                       ***********************
   76 00000000         ;



ARM Macro Assembler    Page 6 


   77 00000000         ; Indicate that the code in this file preserves 8-byte a
                       lignment of the stack.
   78 00000000         ;
   79 00000000         ;*******************************************************
                       ***********************
   80 00000000                 PRESERVE8
   81 00000000         
   82 00000000         ;*******************************************************
                       ***********************
   83 00000000         ;
   84 00000000         ; Place code into the reset code section.
   85 00000000         ;
   86 00000000         ;*******************************************************
                       ***********************
   87 00000000                 AREA             RESET, CODE, READONLY
   88 00000000                 THUMB
   89 00000000         
   90 00000000         ;*******************************************************
                       ***********************
   91 00000000         ;
   92 00000000         ; The vector table.
   93 00000000         ;
   94 00000000         ;*******************************************************
                       ***********************
   95 00000000                 EXPORT           __Vectors
   96 00000000         __Vectors
   97 00000000 00000200        DCD              StackMem + Stack ; Top of Stack
                                                            
   98 00000004 00000000        DCD              Reset_Handler ; Reset Handler
   99 00000008 00000000        DCD              NmiSR       ; NMI Handler
  100 0000000C 00000000        DCD              FaultISR    ; Hard Fault Handle
                                                            r
  101 00000010 00000000        DCD              IntDefaultHandler ; The MPU fau
                                                            lt handler
  102 00000014 00000000        DCD              IntDefaultHandler ; The bus fau
                                                            lt handler
  103 00000018 00000000        DCD              IntDefaultHandler ; The usage f
                                                            ault handler
  104 0000001C 00000000        DCD              0           ; Reserved
  105 00000020 00000000        DCD              0           ; Reserved
  106 00000024 00000000        DCD              0           ; Reserved
  107 00000028 00000000        DCD              0           ; Reserved
  108 0000002C 00000000        DCD              IntDefaultHandler 
                                                            ; SVCall handler
  109 00000030 00000000        DCD              IntDefaultHandler ; Debug monit
                                                            or handler
  110 00000034 00000000        DCD              0           ; Reserved
  111 00000038 00000000        DCD              IntDefaultHandler ; The PendSV 
                                                            handler
  112 0000003C 00000000        DCD              SysTick_Handler ; The SysTick h
                                                            andler
  113 00000040 00000000        DCD              IntDefaultHandler ; GPIO Port A
                                                            
  114 00000044 00000000        DCD              IntDefaultHandler ; GPIO Port B
                                                            
  115 00000048 00000000        DCD              IntDefaultHandler ; GPIO Port C
                                                            
  116 0000004C 00000000        DCD              IntDefaultHandler ; GPIO Port D
                                                            



ARM Macro Assembler    Page 7 


  117 00000050 00000000        DCD              IntDefaultHandler ; GPIO Port E
                                                            
  118 00000054 00000000        DCD              UART0_Handler ; UART0 Rx and Tx
                                                            
  119 00000058 00000000        DCD              UART1_Handler ; UART1 Rx and Tx
                                                            
  120 0000005C 00000000        DCD              IntDefaultHandler 
                                                            ; SSI0 Rx and Tx
  121 00000060 00000000        DCD              IntDefaultHandler ; I2C0 Master
                                                             and Slave
  122 00000064 00000000        DCD              IntDefaultHandler ; PWM Fault
  123 00000068 00000000        DCD              IntDefaultHandler 
                                                            ; PWM Generator 0
  124 0000006C 00000000        DCD              IntDefaultHandler 
                                                            ; PWM Generator 1
  125 00000070 00000000        DCD              IntDefaultHandler 
                                                            ; PWM Generator 2
  126 00000074 00000000        DCD              IntDefaultHandler ; Quadrature 
                                                            Encoder 0
  127 00000078 00000000        DCD              IntDefaultHandler 
                                                            ; ADC Sequence 0
  128 0000007C 00000000        DCD              IntDefaultHandler 
                                                            ; ADC Sequence 1
  129 00000080 00000000        DCD              IntDefaultHandler 
                                                            ; ADC Sequence 2
  130 00000084 00000000        DCD              IntDefaultHandler 
                                                            ; ADC Sequence 3
  131 00000088 00000000        DCD              IntDefaultHandler 
                                                            ; Watchdog timer
  132 0000008C 00000000        DCD              Timer0A_Handler ; Timer 0 subti
                                                            mer A
  133 00000090 00000000        DCD              IntDefaultHandler ; Timer 0 sub
                                                            timer B
  134 00000094 00000000        DCD              IntDefaultHandler ; Timer 1 sub
                                                            timer A
  135 00000098 00000000        DCD              IntDefaultHandler ; Timer 1 sub
                                                            timer B
  136 0000009C 00000000        DCD              IntDefaultHandler ; Timer 2 sub
                                                            timer A
  137 000000A0 00000000        DCD              IntDefaultHandler ; Timer 2 sub
                                                            timer B
  138 000000A4 00000000        DCD              IntDefaultHandler ; Analog Comp
                                                            arator 0
  139 000000A8 00000000        DCD              IntDefaultHandler ; Analog Comp
                                                            arator 1
  140 000000AC 00000000        DCD              IntDefaultHandler ; Analog Comp
                                                            arator 2
  141 000000B0 00000000        DCD              IntDefaultHandler ; System Cont
                                                            rol (PLL, OSC, BO)
  142 000000B4 00000000        DCD              IntDefaultHandler 
                                                            ; FLASH Control
  143 000000B8 00000000        DCD              IntDefaultHandler ; GPIO Port F
                                                            
  144 000000BC 00000000        DCD              IntDefaultHandler ; GPIO Port G
                                                            
  145 000000C0 00000000        DCD              IntDefaultHandler ; GPIO Port H
                                                            
  146 000000C4 00000000        DCD              IntDefaultHandler 
                                                            ; UART2 Rx and Tx



ARM Macro Assembler    Page 8 


  147 000000C8 00000000        DCD              IntDefaultHandler 
                                                            ; SSI1 Rx and Tx
  148 000000CC 00000000        DCD              IntDefaultHandler ; Timer 3 sub
                                                            timer A
  149 000000D0 00000000        DCD              IntDefaultHandler ; Timer 3 sub
                                                            timer B
  150 000000D4 00000000        DCD              IntDefaultHandler ; I2C1 Master
                                                             and Slave
  151 000000D8 00000000        DCD              IntDefaultHandler ; Quadrature 
                                                            Encoder 1
  152 000000DC 00000000        DCD              IntDefaultHandler ; CAN0
  153 000000E0 00000000        DCD              IntDefaultHandler ; CAN1
  154 000000E4 00000000        DCD              0           ; Reserved
  155 000000E8 00000000        DCD              0           ; Reserved
  156 000000EC 00000000        DCD              IntDefaultHandler ; Hibernate
  157 000000F0 00000000        DCD              IntDefaultHandler ; USB0
  158 000000F4 00000000        DCD              IntDefaultHandler 
                                                            ; PWM Generator 3
  159 000000F8 00000000        DCD              IntDefaultHandler ; uDMA Softwa
                                                            re Transfer
  160 000000FC 00000000        DCD              IntDefaultHandler ; uDMA Error
  161 00000100 00000000        DCD              IntDefaultHandler 
                                                            ; ADC1 Sequence 0
  162 00000104 00000000        DCD              IntDefaultHandler 
                                                            ; ADC1 Sequence 1
  163 00000108 00000000        DCD              IntDefaultHandler 
                                                            ; ADC1 Sequence 2
  164 0000010C 00000000        DCD              IntDefaultHandler 
                                                            ; ADC1 Sequence 3
  165 00000110 00000000        DCD              0           ; Reserved
  166 00000114 00000000        DCD              0           ; Reserved
  167 00000118 00000000        DCD              IntDefaultHandler ; GPIO Port J
                                                            
  168 0000011C 00000000        DCD              IntDefaultHandler ; GPIO Port K
                                                            
  169 00000120 00000000        DCD              IntDefaultHandler ; GPIO Port L
                                                            
  170 00000124 00000000        DCD              IntDefaultHandler 
                                                            ; SSI2 Rx and Tx
  171 00000128 00000000        DCD              IntDefaultHandler 
                                                            ; SSI3 Rx and Tx
  172 0000012C 00000000        DCD              IntDefaultHandler 
                                                            ; UART3 Rx and Tx
  173 00000130 00000000        DCD              IntDefaultHandler 
                                                            ; UART4 Rx and Tx
  174 00000134 00000000        DCD              IntDefaultHandler 
                                                            ; UART5 Rx and Tx
  175 00000138 00000000        DCD              IntDefaultHandler 
                                                            ; UART6 Rx and Tx
  176 0000013C 00000000        DCD              IntDefaultHandler 
                                                            ; UART7 Rx and Tx
  177 00000140 00000000        DCD              0           ; Reserved
  178 00000144 00000000        DCD              0           ; Reserved
  179 00000148 00000000        DCD              0           ; Reserved
  180 0000014C 00000000        DCD              0           ; Reserved
  181 00000150 00000000        DCD              IntDefaultHandler ; I2C2 Master
                                                             and Slave
  182 00000154 00000000        DCD              IntDefaultHandler ; I2C3 Master
                                                             and Slave



ARM Macro Assembler    Page 9 


  183 00000158 00000000        DCD              Timer4A_Handler ; Timer 4 subti
                                                            mer A
  184 0000015C 00000000        DCD              Timer4B_Handler ; Timer 4 subti
                                                            mer B
  185 00000160 00000000        DCD              0           ; Reserved
  186 00000164 00000000        DCD              0           ; Reserved
  187 00000168 00000000        DCD              0           ; Reserved
  188 0000016C 00000000        DCD              0           ; Reserved
  189 00000170 00000000        DCD              0           ; Reserved
  190 00000174 00000000        DCD              0           ; Reserved
  191 00000178 00000000        DCD              0           ; Reserved
  192 0000017C 00000000        DCD              0           ; Reserved
  193 00000180 00000000        DCD              0           ; Reserved
  194 00000184 00000000        DCD              0           ; Reserved
  195 00000188 00000000        DCD              0           ; Reserved
  196 0000018C 00000000        DCD              0           ; Reserved
  197 00000190 00000000        DCD              0           ; Reserved
  198 00000194 00000000        DCD              0           ; Reserved
  199 00000198 00000000        DCD              0           ; Reserved
  200 0000019C 00000000        DCD              0           ; Reserved
  201 000001A0 00000000        DCD              0           ; Reserved
  202 000001A4 00000000        DCD              0           ; Reserved
  203 000001A8 00000000        DCD              0           ; Reserved
  204 000001AC 00000000        DCD              0           ; Reserved
  205 000001B0 00000000        DCD              IntDefaultHandler ; Timer 5 sub
                                                            timer A
  206 000001B4 00000000        DCD              IntDefaultHandler ; Timer 5 sub
                                                            timer B
  207 000001B8 00000000        DCD              IntDefaultHandler ; Wide Timer 
                                                            0 subtimer A
  208 000001BC 00000000        DCD              IntDefaultHandler ; Wide Timer 
                                                            0 subtimer B
  209 000001C0 00000000        DCD              IntDefaultHandler ; Wide Timer 
                                                            1 subtimer A
  210 000001C4 00000000        DCD              IntDefaultHandler ; Wide Timer 
                                                            1 subtimer B
  211 000001C8 00000000        DCD              IntDefaultHandler ; Wide Timer 
                                                            2 subtimer A
  212 000001CC 00000000        DCD              IntDefaultHandler ; Wide Timer 
                                                            2 subtimer B
  213 000001D0 00000000        DCD              IntDefaultHandler ; Wide Timer 
                                                            3 subtimer A
  214 000001D4 00000000        DCD              IntDefaultHandler ; Wide Timer 
                                                            3 subtimer B
  215 000001D8 00000000        DCD              IntDefaultHandler ; Wide Timer 
                                                            4 subtimer A
  216 000001DC 00000000        DCD              IntDefaultHandler ; Wide Timer 
                                                            4 subtimer B
  217 000001E0 00000000        DCD              IntDefaultHandler ; Wide Timer 
                                                            5 subtimer A
  218 000001E4 00000000        DCD              IntDefaultHandler ; Wide Timer 
                                                            5 subtimer B
  219 000001E8 00000000        DCD              IntDefaultHandler ; FPU
  220 000001EC 00000000        DCD              0           ; Reserved
  221 000001F0 00000000        DCD              0           ; Reserved
  222 000001F4 00000000        DCD              IntDefaultHandler ; I2C4 Master
                                                             and Slave
  223 000001F8 00000000        DCD              IntDefaultHandler ; I2C5 Master
                                                             and Slave



ARM Macro Assembler    Page 10 


  224 000001FC 00000000        DCD              IntDefaultHandler ; GPIO Port M
                                                            
  225 00000200 00000000        DCD              IntDefaultHandler ; GPIO Port N
                                                            
  226 00000204 00000000        DCD              IntDefaultHandler ; Quadrature 
                                                            Encoder 2
  227 00000208 00000000        DCD              0           ; Reserved
  228 0000020C 00000000        DCD              0           ; Reserved
  229 00000210 00000000        DCD              IntDefaultHandler ; GPIO Port P
                                                             (Summary or P0)
  230 00000214 00000000        DCD              IntDefaultHandler 
                                                            ; GPIO Port P1
  231 00000218 00000000        DCD              IntDefaultHandler 
                                                            ; GPIO Port P2
  232 0000021C 00000000        DCD              IntDefaultHandler 
                                                            ; GPIO Port P3
  233 00000220 00000000        DCD              IntDefaultHandler 
                                                            ; GPIO Port P4
  234 00000224 00000000        DCD              IntDefaultHandler 
                                                            ; GPIO Port P5
  235 00000228 00000000        DCD              IntDefaultHandler 
                                                            ; GPIO Port P6
  236 0000022C 00000000        DCD              IntDefaultHandler 
                                                            ; GPIO Port P7
  237 00000230 00000000        DCD              IntDefaultHandler ; GPIO Port Q
                                                             (Summary or Q0)
  238 00000234 00000000        DCD              IntDefaultHandler 
                                                            ; GPIO Port Q1
  239 00000238 00000000        DCD              IntDefaultHandler 
                                                            ; GPIO Port Q2
  240 0000023C 00000000        DCD              IntDefaultHandler 
                                                            ; GPIO Port Q3
  241 00000240 00000000        DCD              IntDefaultHandler 
                                                            ; GPIO Port Q4
  242 00000244 00000000        DCD              IntDefaultHandler 
                                                            ; GPIO Port Q5
  243 00000248 00000000        DCD              IntDefaultHandler 
                                                            ; GPIO Port Q6
  244 0000024C 00000000        DCD              IntDefaultHandler 
                                                            ; GPIO Port Q7
  245 00000250 00000000        DCD              IntDefaultHandler ; GPIO Port R
                                                            
  246 00000254 00000000        DCD              IntDefaultHandler ; GPIO Port S
                                                            
  247 00000258 00000000        DCD              IntDefaultHandler 
                                                            ; PWM 1 Generator 0
                                                            
  248 0000025C 00000000        DCD              IntDefaultHandler 
                                                            ; PWM 1 Generator 1
                                                            
  249 00000260 00000000        DCD              IntDefaultHandler 
                                                            ; PWM 1 Generator 2
                                                            
  250 00000264 00000000        DCD              IntDefaultHandler 
                                                            ; PWM 1 Generator 3
                                                            
  251 00000268 00000000        DCD              IntDefaultHandler ; PWM 1 Fault
                                                            
  252 0000026C         



ARM Macro Assembler    Page 11 


  253 0000026C         ;*******************************************************
                       ***********************
  254 0000026C         ;
  255 0000026C         ; This is the code that gets called when the processor f
                       irst starts execution
  256 0000026C         ; following a reset event.
  257 0000026C         ;
  258 0000026C         ;*******************************************************
                       ***********************
  259 0000026C                 EXPORT           Reset_Handler
  260 0000026C         Reset_Handler
  261 0000026C         ;
  262 0000026C         ; Enable the floating-point unit.  This must be done her
                       e to handle the
  263 0000026C         ; case where main() uses floating-point and the function
                        prologue saves
  264 0000026C         ; floating-point registers (which will fault if floating
                       -point is not
  265 0000026C         ; enabled).  Any configuration of the floating-point uni
                       t using
  266 0000026C         ; DriverLib APIs must be done here prior to the floating
                       -point unit
  267 0000026C         ; being enabled.
  268 0000026C         ;
  269 0000026C         ; Note that this does not use DriverLib since it might n
                       ot be included
  270 0000026C         ; in this project.
  271 0000026C         ;
  272 0000026C F64E 5088       MOVW             R0, #0xED88
  273 00000270 F2CE 0000       MOVT             R0, #0xE000
  274 00000274 6801            LDR              R1, [R0]
  275 00000276 F441 0170       ORR              R1, #0x00F00000
  276 0000027A 6001            STR              R1, [R0]
  277 0000027C         
  278 0000027C         ;
  279 0000027C         ; Call the C library enty point that handles startup.  T
                       his will copy
  280 0000027C         ; the .data section initializers from flash to SRAM and 
                       zero fill the
  281 0000027C         ; .bss section.
  282 0000027C         ;
  283 0000027C         
  284 0000027C         
  285 0000027C         ;Setting up RAM myself here
  286 0000027C         ;LDR r2, =PB5_MASK ;get RAM address of PB5 mask (pointer
                       )
  287 0000027C         ;LDR r3,[r2] ;get the value of PB5 mask
  288 0000027C         
  289 0000027C         ;I'm getting trash data this RAM address. Clearing and p
                       roperly setting to ONLY 0xF0
  290 0000027C         ;BFC r3,#0,#32
  291 0000027C         
  292 0000027C F043 0320       ORR              r3, r3, #0x20 ;#0xF0
  293 00000280 6013            STR              r3,[r2]
  294 00000282         
  295 00000282                 IMPORT           __main
  296 00000282 F7FF BFFE       B                __main
  297 00000286         
  298 00000286         ;*******************************************************



ARM Macro Assembler    Page 12 


                       ***********************
  299 00000286         ;
  300 00000286         ; This is the code that gets called when the processor r
                       eceives a NMI.  This
  301 00000286         ; simply enters an infinite loop, preserving the system 
                       state for examination
  302 00000286         ; by a debugger.
  303 00000286         ;
  304 00000286         ;*******************************************************
                       ***********************
  305 00000286         NmiSR
  306 00000286 E7FE            B                NmiSR
  307 00000288         
  308 00000288         ;*******************************************************
                       ***********************
  309 00000288         ;
  310 00000288         ; This is the code that gets called when the processor r
                       eceives a fault
  311 00000288         ; interrupt.  This simply enters an infinite loop, prese
                       rving the system state
  312 00000288         ; for examination by a debugger.
  313 00000288         ;
  314 00000288         ;*******************************************************
                       ***********************
  315 00000288         FaultISR
  316 00000288 E7FE            B                FaultISR
  317 0000028A         
  318 0000028A         ;*******************************************************
                       ***********************
  319 0000028A         ;
  320 0000028A         ; This is the code that gets called when the processor r
                       eceives an unexpected
  321 0000028A         ; interrupt.  This simply enters an infinite loop, prese
                       rving the system state
  322 0000028A         ; for examination by a debugger.
  323 0000028A         ;
  324 0000028A         ;*******************************************************
                       ***********************
  325 0000028A         
  326 0000028A         
  327 0000028A         ;I added the SysTick_Handler here. This toggle GPIODATA 
                       so the LED blinks
  328 0000028A         SysTick_Handler
                               PROC
  329 0000028A         
  330 0000028A                 EXPORT           SysTick_Handler
  331 0000028A         
  332 0000028A         ;return to __main
  333 0000028A 4770            BX               LR
  334 0000028C         
  335 0000028C                 ENDP
  336 0000028C         
  337 0000028C         
  338 0000028C         
  339 0000028C         IntDefaultHandler
  340 0000028C E7FE            B                IntDefaultHandler
  341 0000028E         
  342 0000028E         
  343 0000028E         ;I added the Timer0A_Handler here. 



ARM Macro Assembler    Page 13 


  344 0000028E         Timer0A_Handler
                               PROC
  345 0000028E         
  346 0000028E                 EXPORT           Timer0A_Handler
  347 0000028E         
  348 0000028E 4770            BX               LR
  349 00000290         
  350 00000290                 ENDP
  351 00000290         
  352 00000290         Timer4A_Handler
                               PROC
  353 00000290                 EXPORT           Timer4A_Handler
  354 00000290         
  355 00000290 4770            BX               LR
  356 00000292         
  357 00000292                 ENDP
  358 00000292         
  359 00000292         Timer4B_Handler
                               PROC
  360 00000292                 EXPORT           Timer4B_Handler
  361 00000292         
  362 00000292 4770            BX               LR
  363 00000294         
  364 00000294                 ENDP
  365 00000294         
  366 00000294         ;I added the UART0 handler here
  367 00000294         UART0_Handler
                               PROC
  368 00000294                 EXPORT           UART0_Handler
  369 00000294         
  370 00000294                 ENDP
  371 00000294         
  372 00000294         ;I added the UART1 handler here
  373 00000294         UART1_Handler
                               PROC
  374 00000294                 EXPORT           UART1_Handler
  375 00000294         
  376 00000294 4770            BX               LR
  377 00000296         
  378 00000296                 ENDP
  379 00000296         
  380 00000296         
  381 00000296         
  382 00000296         
  383 00000296         
  384 00000296         ;*******************************************************
                       ***********************
  385 00000296         ;
  386 00000296         ; Make sure the end of this section is aligned.
  387 00000296         ;
  388 00000296         ;*******************************************************
                       ***********************
  389 00000296 00 00           ALIGN
  390 00000298         
  391 00000298         ;*******************************************************
                       ***********************
  392 00000298         ;
  393 00000298         ; Some code in the normal code section for initializing 
                       the heap and stack.



ARM Macro Assembler    Page 14 


  394 00000298         ;
  395 00000298         ;*******************************************************
                       ***********************
  396 00000298                 AREA             |.text|, CODE, READONLY
  397 00000000         
  398 00000000         ;*******************************************************
                       ***********************
  399 00000000         ;
  400 00000000         ; The function expected of the C library startup code fo
                       r defining the stack
  401 00000000         ; and heap memory locations.  For the C library version 
                       of the startup code,
  402 00000000         ; provide this function so that the C library initializa
                       tion code can find out
  403 00000000         ; the location of the stack and heap.
  404 00000000         ;
  405 00000000         ;*******************************************************
                       ***********************
  406 00000000                 IF               :DEF: __MICROLIB
  411 00000000                 IMPORT           __use_two_region_memory
  412 00000000                 EXPORT           __user_initial_stackheap
  413 00000000         __user_initial_stackheap
  414 00000000 4802            LDR              R0, =HeapMem
  415 00000002 4903            LDR              R1, =(StackMem + Stack)
  416 00000004 4A01            LDR              R2, =(HeapMem + Heap)
  417 00000006 4B03            LDR              R3, =StackMem
  418 00000008 4770            BX               LR
  419 0000000A                 ENDIF
  420 0000000A         
  421 0000000A         ;*******************************************************
                       ***********************
  422 0000000A         ;
  423 0000000A         ; Make sure the end of this section is aligned.
  424 0000000A         ;
  425 0000000A         ;*******************************************************
                       ***********************
  426 0000000A 00 00           ALIGN
  427 0000000C         
  428 0000000C         ;*******************************************************
                       ***********************
  429 0000000C         ;
  430 0000000C         ; Tell the assembler that we're done.
  431 0000000C         ;
  432 0000000C         ;*******************************************************
                       ***********************
  433 0000000C                 END
              00000000 
              00000200 
              00000000 
Command Line: --debug --xref --diag_suppress=9931 --cpu=Cortex-M4.fp --apcs=int
erwork --depend=.\objects\startup_rvmdk.d -o.\objects\startup_rvmdk.o -IC:\ti\T
ivaWare_C_Series-2.1.4.178\examples\boards\my_projects\TM4C123GX-OS-RR\RTE -IC:
\Keil_v5\ARM\PACK\Keil\TM4C_DFP\1.1.0\Device\Include\TM4C123 -IC:\Keil_v5\ARM\C
MSIS\Include --predefine="__EVAL SETA 1" --predefine="__UVISION_VERSION SETA 52
1" --predefine="TM4C123GH6PM SETA 1" --list=.\listings\startup_rvmdk.lst startu
p_rvmdk.S



ARM Macro Assembler    Page 1 Alphabetic symbol ordering
Relocatable symbols

My_Constants 00000000

Symbol: My_Constants
   Definitions
      At line 1 in file my_Constants.s
   Uses
      None
Comment: My_Constants unused
1 symbol



ARM Macro Assembler    Page 1 Alphabetic symbol ordering
Relocatable symbols

STACK 00000000

Symbol: STACK
   Definitions
      At line 59 in file startup_rvmdk.S
   Uses
      None
Comment: STACK unused
StackMem 00000000

Symbol: StackMem
   Definitions
      At line 60 in file startup_rvmdk.S
   Uses
      At line 97 in file startup_rvmdk.S
      At line 415 in file startup_rvmdk.S
      At line 417 in file startup_rvmdk.S

__initial_sp 00000200

Symbol: __initial_sp
   Definitions
      At line 62 in file startup_rvmdk.S
   Uses
      None
Comment: __initial_sp unused
3 symbols



ARM Macro Assembler    Page 1 Alphabetic symbol ordering
Relocatable symbols

HEAP 00000000

Symbol: HEAP
   Definitions
      At line 69 in file startup_rvmdk.S
   Uses
      None
Comment: HEAP unused
HeapMem 00000000

Symbol: HeapMem
   Definitions
      At line 71 in file startup_rvmdk.S
   Uses
      At line 414 in file startup_rvmdk.S
      At line 416 in file startup_rvmdk.S

__heap_base 00000000

Symbol: __heap_base
   Definitions
      At line 70 in file startup_rvmdk.S
   Uses
      None
Comment: __heap_base unused
__heap_limit 00000000

Symbol: __heap_limit
   Definitions
      At line 73 in file startup_rvmdk.S
   Uses
      None
Comment: __heap_limit unused
4 symbols



ARM Macro Assembler    Page 1 Alphabetic symbol ordering
Relocatable symbols

FaultISR 00000288

Symbol: FaultISR
   Definitions
      At line 315 in file startup_rvmdk.S
   Uses
      At line 100 in file startup_rvmdk.S
      At line 316 in file startup_rvmdk.S

IntDefaultHandler 0000028C

Symbol: IntDefaultHandler
   Definitions
      At line 339 in file startup_rvmdk.S
   Uses
      At line 101 in file startup_rvmdk.S
      At line 102 in file startup_rvmdk.S
      At line 103 in file startup_rvmdk.S
      At line 108 in file startup_rvmdk.S
      At line 109 in file startup_rvmdk.S
      At line 111 in file startup_rvmdk.S
      At line 113 in file startup_rvmdk.S
      At line 114 in file startup_rvmdk.S
      At line 115 in file startup_rvmdk.S
      At line 116 in file startup_rvmdk.S
      At line 117 in file startup_rvmdk.S
      At line 120 in file startup_rvmdk.S
      At line 121 in file startup_rvmdk.S
      At line 122 in file startup_rvmdk.S
      At line 123 in file startup_rvmdk.S
      At line 124 in file startup_rvmdk.S
      At line 125 in file startup_rvmdk.S
      At line 126 in file startup_rvmdk.S
      At line 127 in file startup_rvmdk.S
      At line 128 in file startup_rvmdk.S
      At line 129 in file startup_rvmdk.S
      At line 130 in file startup_rvmdk.S
      At line 131 in file startup_rvmdk.S
      At line 133 in file startup_rvmdk.S
      At line 134 in file startup_rvmdk.S
      At line 135 in file startup_rvmdk.S
      At line 136 in file startup_rvmdk.S
      At line 137 in file startup_rvmdk.S
      At line 138 in file startup_rvmdk.S
      At line 139 in file startup_rvmdk.S
      At line 140 in file startup_rvmdk.S
      At line 141 in file startup_rvmdk.S
      At line 142 in file startup_rvmdk.S
      At line 143 in file startup_rvmdk.S
      At line 144 in file startup_rvmdk.S
      At line 145 in file startup_rvmdk.S
      At line 146 in file startup_rvmdk.S
      At line 147 in file startup_rvmdk.S
      At line 148 in file startup_rvmdk.S
      At line 149 in file startup_rvmdk.S
      At line 150 in file startup_rvmdk.S
      At line 151 in file startup_rvmdk.S
      At line 152 in file startup_rvmdk.S
      At line 153 in file startup_rvmdk.S



ARM Macro Assembler    Page 2 Alphabetic symbol ordering
Relocatable symbols

      At line 156 in file startup_rvmdk.S
      At line 157 in file startup_rvmdk.S
      At line 158 in file startup_rvmdk.S
      At line 159 in file startup_rvmdk.S
      At line 160 in file startup_rvmdk.S
      At line 161 in file startup_rvmdk.S
      At line 162 in file startup_rvmdk.S
      At line 163 in file startup_rvmdk.S
      At line 164 in file startup_rvmdk.S
      At line 167 in file startup_rvmdk.S
      At line 168 in file startup_rvmdk.S
      At line 169 in file startup_rvmdk.S
      At line 170 in file startup_rvmdk.S
      At line 171 in file startup_rvmdk.S
      At line 172 in file startup_rvmdk.S
      At line 173 in file startup_rvmdk.S
      At line 174 in file startup_rvmdk.S
      At line 175 in file startup_rvmdk.S
      At line 176 in file startup_rvmdk.S
      At line 181 in file startup_rvmdk.S
      At line 182 in file startup_rvmdk.S
      At line 205 in file startup_rvmdk.S
      At line 206 in file startup_rvmdk.S
      At line 207 in file startup_rvmdk.S
      At line 208 in file startup_rvmdk.S
      At line 209 in file startup_rvmdk.S
      At line 210 in file startup_rvmdk.S
      At line 211 in file startup_rvmdk.S
      At line 212 in file startup_rvmdk.S
      At line 213 in file startup_rvmdk.S
      At line 214 in file startup_rvmdk.S
      At line 215 in file startup_rvmdk.S
      At line 216 in file startup_rvmdk.S
      At line 217 in file startup_rvmdk.S
      At line 218 in file startup_rvmdk.S
      At line 219 in file startup_rvmdk.S
      At line 222 in file startup_rvmdk.S
      At line 223 in file startup_rvmdk.S
      At line 224 in file startup_rvmdk.S
      At line 225 in file startup_rvmdk.S
      At line 226 in file startup_rvmdk.S
      At line 229 in file startup_rvmdk.S
      At line 230 in file startup_rvmdk.S
      At line 231 in file startup_rvmdk.S
      At line 232 in file startup_rvmdk.S
      At line 233 in file startup_rvmdk.S
      At line 234 in file startup_rvmdk.S
      At line 235 in file startup_rvmdk.S
      At line 236 in file startup_rvmdk.S
      At line 237 in file startup_rvmdk.S
      At line 238 in file startup_rvmdk.S
      At line 239 in file startup_rvmdk.S
      At line 240 in file startup_rvmdk.S
      At line 241 in file startup_rvmdk.S
      At line 242 in file startup_rvmdk.S
      At line 243 in file startup_rvmdk.S
      At line 244 in file startup_rvmdk.S
      At line 245 in file startup_rvmdk.S
      At line 246 in file startup_rvmdk.S



ARM Macro Assembler    Page 3 Alphabetic symbol ordering
Relocatable symbols

      At line 247 in file startup_rvmdk.S
      At line 248 in file startup_rvmdk.S
      At line 249 in file startup_rvmdk.S
      At line 250 in file startup_rvmdk.S
      At line 251 in file startup_rvmdk.S
      At line 340 in file startup_rvmdk.S

NmiSR 00000286

Symbol: NmiSR
   Definitions
      At line 305 in file startup_rvmdk.S
   Uses
      At line 99 in file startup_rvmdk.S
      At line 306 in file startup_rvmdk.S

RESET 00000000

Symbol: RESET
   Definitions
      At line 87 in file startup_rvmdk.S
   Uses
      None
Comment: RESET unused
Reset_Handler 0000026C

Symbol: Reset_Handler
   Definitions
      At line 260 in file startup_rvmdk.S
   Uses
      At line 98 in file startup_rvmdk.S
      At line 259 in file startup_rvmdk.S

SysTick_Handler 0000028A

Symbol: SysTick_Handler
   Definitions
      At line 328 in file startup_rvmdk.S
   Uses
      At line 112 in file startup_rvmdk.S
      At line 330 in file startup_rvmdk.S

Timer0A_Handler 0000028E

Symbol: Timer0A_Handler
   Definitions
      At line 344 in file startup_rvmdk.S
   Uses
      At line 132 in file startup_rvmdk.S
      At line 346 in file startup_rvmdk.S

Timer4A_Handler 00000290

Symbol: Timer4A_Handler
   Definitions
      At line 352 in file startup_rvmdk.S
   Uses
      At line 183 in file startup_rvmdk.S
      At line 353 in file startup_rvmdk.S



ARM Macro Assembler    Page 4 Alphabetic symbol ordering
Relocatable symbols


Timer4B_Handler 00000292

Symbol: Timer4B_Handler
   Definitions
      At line 359 in file startup_rvmdk.S
   Uses
      At line 184 in file startup_rvmdk.S
      At line 360 in file startup_rvmdk.S

UART0_Handler 00000294

Symbol: UART0_Handler
   Definitions
      At line 367 in file startup_rvmdk.S
   Uses
      At line 118 in file startup_rvmdk.S
      At line 368 in file startup_rvmdk.S

UART1_Handler 00000294

Symbol: UART1_Handler
   Definitions
      At line 373 in file startup_rvmdk.S
   Uses
      At line 119 in file startup_rvmdk.S
      At line 374 in file startup_rvmdk.S

__Vectors 00000000

Symbol: __Vectors
   Definitions
      At line 96 in file startup_rvmdk.S
   Uses
      At line 95 in file startup_rvmdk.S
Comment: __Vectors used once
12 symbols



ARM Macro Assembler    Page 1 Alphabetic symbol ordering
Relocatable symbols

.text 00000000

Symbol: .text
   Definitions
      At line 396 in file startup_rvmdk.S
   Uses
      None
Comment: .text unused
__user_initial_stackheap 00000000

Symbol: __user_initial_stackheap
   Definitions
      At line 413 in file startup_rvmdk.S
   Uses
      At line 412 in file startup_rvmdk.S
Comment: __user_initial_stackheap used once
2 symbols



ARM Macro Assembler    Page 1 Alphabetic symbol ordering
Absolute symbols

AHB_PORTA 40058000

Symbol: AHB_PORTA
   Definitions
      At line 8 in file my_Constants.s
   Uses
      None
Comment: AHB_PORTA unused
AHB_PORTB 40059000

Symbol: AHB_PORTB
   Definitions
      At line 7 in file my_Constants.s
   Uses
      None
Comment: AHB_PORTB unused
FAIL 00000000

Symbol: FAIL
   Definitions
      At line 90 in file my_Constants.s
   Uses
      None
Comment: FAIL unused
GPIOAFSEL 00000420

Symbol: GPIOAFSEL
   Definitions
      At line 25 in file my_Constants.s
   Uses
      None
Comment: GPIOAFSEL unused
GPIOCTL 0000052C

Symbol: GPIOCTL
   Definitions
      At line 23 in file my_Constants.s
   Uses
      None
Comment: GPIOCTL unused
GPIODATAPB5 00000080

Symbol: GPIODATAPB5
   Definitions
      At line 30 in file my_Constants.s
   Uses
      None
Comment: GPIODATAPB5 unused
GPIODEN 0000051C

Symbol: GPIODEN
   Definitions
      At line 28 in file my_Constants.s
   Uses
      None
Comment: GPIODEN unused
GPIODIR 00000400

Symbol: GPIODIR



ARM Macro Assembler    Page 2 Alphabetic symbol ordering
Absolute symbols

   Definitions
      At line 24 in file my_Constants.s
   Uses
      None
Comment: GPIODIR unused
GPIODR2R 00000500

Symbol: GPIODR2R
   Definitions
      At line 26 in file my_Constants.s
   Uses
      None
Comment: GPIODR2R unused
GPIOHBCTL 0000006C

Symbol: GPIOHBCTL
   Definitions
      At line 22 in file my_Constants.s
   Uses
      None
Comment: GPIOHBCTL unused
GPIOP5 00000020

Symbol: GPIOP5
   Definitions
      At line 93 in file my_Constants.s
   Uses
      None
Comment: GPIOP5 unused
GPIOPCTL 0000052C

Symbol: GPIOPCTL
   Definitions
      At line 29 in file my_Constants.s
   Uses
      None
Comment: GPIOPCTL unused
GPIOPUR 00000510

Symbol: GPIOPUR
   Definitions
      At line 27 in file my_Constants.s
   Uses
      None
Comment: GPIOPUR unused
GPTMCFG 00000000

Symbol: GPTMCFG
   Definitions
      At line 44 in file my_Constants.s
   Uses
      None
Comment: GPTMCFG unused
GPTMCTL 0000000C

Symbol: GPTMCTL
   Definitions
      At line 43 in file my_Constants.s
   Uses



ARM Macro Assembler    Page 3 Alphabetic symbol ordering
Absolute symbols

      None
Comment: GPTMCTL unused
GPTMICR 00000024

Symbol: GPTMICR
   Definitions
      At line 53 in file my_Constants.s
   Uses
      None
Comment: GPTMICR unused
GPTMIMR 00000018

Symbol: GPTMIMR
   Definitions
      At line 51 in file my_Constants.s
   Uses
      None
Comment: GPTMIMR unused
GPTMMIS 00000020

Symbol: GPTMMIS
   Definitions
      At line 58 in file my_Constants.s
   Uses
      None
Comment: GPTMMIS unused
GPTMRIS 0000001C

Symbol: GPTMRIS
   Definitions
      At line 52 in file my_Constants.s
   Uses
      None
Comment: GPTMRIS unused
GPTMTAILR 00000028

Symbol: GPTMTAILR
   Definitions
      At line 47 in file my_Constants.s
   Uses
      None
Comment: GPTMTAILR unused
GPTMTAMR 00000004

Symbol: GPTMTAMR
   Definitions
      At line 45 in file my_Constants.s
   Uses
      None
Comment: GPTMTAMR unused
GPTMTAPR 00000038

Symbol: GPTMTAPR
   Definitions
      At line 49 in file my_Constants.s
   Uses
      None
Comment: GPTMTAPR unused
GPTMTAR 00000048



ARM Macro Assembler    Page 4 Alphabetic symbol ordering
Absolute symbols


Symbol: GPTMTAR
   Definitions
      At line 56 in file my_Constants.s
   Uses
      None
Comment: GPTMTAR unused
GPTMTAV 00000050

Symbol: GPTMTAV
   Definitions
      At line 54 in file my_Constants.s
   Uses
      None
Comment: GPTMTAV unused
GPTMTBILR 0000002C

Symbol: GPTMTBILR
   Definitions
      At line 48 in file my_Constants.s
   Uses
      None
Comment: GPTMTBILR unused
GPTMTBMR 00000008

Symbol: GPTMTBMR
   Definitions
      At line 46 in file my_Constants.s
   Uses
      None
Comment: GPTMTBMR unused
GPTMTBPR 0000003C

Symbol: GPTMTBPR
   Definitions
      At line 50 in file my_Constants.s
   Uses
      None
Comment: GPTMTBPR unused
GPTMTBR 0000004C

Symbol: GPTMTBR
   Definitions
      At line 57 in file my_Constants.s
   Uses
      None
Comment: GPTMTBR unused
GPTMTBV 00000054

Symbol: GPTMTBV
   Definitions
      At line 55 in file my_Constants.s
   Uses
      None
Comment: GPTMTBV unused
HUN_MS 001869FF

Symbol: HUN_MS
   Definitions



ARM Macro Assembler    Page 5 Alphabetic symbol ordering
Absolute symbols

      At line 80 in file my_Constants.s
   Uses
      None
Comment: HUN_MS unused
HUN_US 000003E7

Symbol: HUN_US
   Definitions
      At line 84 in file my_Constants.s
   Uses
      None
Comment: HUN_US unused
Heap 00000000

Symbol: Heap
   Definitions
      At line 38 in file startup_rvmdk.S
   Uses
      At line 72 in file startup_rvmdk.S
      At line 416 in file startup_rvmdk.S

NVIC_DISn 00000180

Symbol: NVIC_DISn
   Definitions
      At line 40 in file my_Constants.s
   Uses
      None
Comment: NVIC_DISn unused
NVIC_ENn 00000100

Symbol: NVIC_ENn
   Definitions
      At line 39 in file my_Constants.s
   Uses
      None
Comment: NVIC_ENn unused
NVIC_PRIn 00000440

Symbol: NVIC_PRIn
   Definitions
      At line 41 in file my_Constants.s
   Uses
      None
Comment: NVIC_PRIn unused
ONE_MS 00003E7F

Symbol: ONE_MS
   Definitions
      At line 78 in file my_Constants.s
   Uses
      None
Comment: ONE_MS unused
ONE_US 0000000F

Symbol: ONE_US
   Definitions
      At line 82 in file my_Constants.s
   Uses



ARM Macro Assembler    Page 6 Alphabetic symbol ordering
Absolute symbols

      None
Comment: ONE_US unused
RCC 00000060

Symbol: RCC
   Definitions
      At line 37 in file my_Constants.s
   Uses
      None
Comment: RCC unused
RCGCGPIO 00000608

Symbol: RCGCGPIO
   Definitions
      At line 18 in file my_Constants.s
   Uses
      None
Comment: RCGCGPIO unused
RCGCTIMER 00000604

Symbol: RCGCTIMER
   Definitions
      At line 19 in file my_Constants.s
   Uses
      None
Comment: RCGCTIMER unused
RCGCUART 00000618

Symbol: RCGCUART
   Definitions
      At line 20 in file my_Constants.s
   Uses
      None
Comment: RCGCUART unused
SIZE 00000010

Symbol: SIZE
   Definitions
      At line 88 in file my_Constants.s
   Uses
      None
Comment: SIZE unused
STCTRL 00000010

Symbol: STCTRL
   Definitions
      At line 32 in file my_Constants.s
   Uses
      None
Comment: STCTRL unused
STCURRENT 00000018

Symbol: STCURRENT
   Definitions
      At line 34 in file my_Constants.s
   Uses
      None
Comment: STCURRENT unused
STRELOAD 00000014



ARM Macro Assembler    Page 7 Alphabetic symbol ordering
Absolute symbols


Symbol: STRELOAD
   Definitions
      At line 33 in file my_Constants.s
   Uses
      None
Comment: STRELOAD unused
SUCCESS 00000001

Symbol: SUCCESS
   Definitions
      At line 89 in file my_Constants.s
   Uses
      None
Comment: SUCCESS unused
SYSPRI3 00000D20

Symbol: SYSPRI3
   Definitions
      At line 35 in file my_Constants.s
   Uses
      None
Comment: SYSPRI3 unused
SYS_CONTROL 400FE000

Symbol: SYS_CONTROL
   Definitions
      At line 9 in file my_Constants.s
   Uses
      None
Comment: SYS_CONTROL unused
SYS_PERIPH E000E000

Symbol: SYS_PERIPH
   Definitions
      At line 10 in file my_Constants.s
   Uses
      None
Comment: SYS_PERIPH unused
Stack 00000200

Symbol: Stack
   Definitions
      At line 31 in file startup_rvmdk.S
   Uses
      At line 61 in file startup_rvmdk.S
      At line 97 in file startup_rvmdk.S
      At line 415 in file startup_rvmdk.S

TEN_MS 000270FF

Symbol: TEN_MS
   Definitions
      At line 79 in file my_Constants.s
   Uses
      None
Comment: TEN_MS unused
TEN_US 00000063




ARM Macro Assembler    Page 8 Alphabetic symbol ordering
Absolute symbols

Symbol: TEN_US
   Definitions
      At line 83 in file my_Constants.s
   Uses
      None
Comment: TEN_US unused
TIMER16_0 40030000

Symbol: TIMER16_0
   Definitions
      At line 11 in file my_Constants.s
   Uses
      None
Comment: TIMER16_0 unused
TIMER16_4 40034000

Symbol: TIMER16_4
   Definitions
      At line 12 in file my_Constants.s
   Uses
      None
Comment: TIMER16_4 unused
UART0 4000C000

Symbol: UART0
   Definitions
      At line 13 in file my_Constants.s
   Uses
      None
Comment: UART0 unused
UART1 4000D000

Symbol: UART1
   Definitions
      At line 14 in file my_Constants.s
   Uses
      None
Comment: UART1 unused
UARTCC 00000FC8

Symbol: UARTCC
   Definitions
      At line 60 in file my_Constants.s
   Uses
      None
Comment: UARTCC unused
UARTCTL 00000030

Symbol: UARTCTL
   Definitions
      At line 61 in file my_Constants.s
   Uses
      None
Comment: UARTCTL unused
UARTDR 00000000

Symbol: UARTDR
   Definitions
      At line 72 in file my_Constants.s



ARM Macro Assembler    Page 9 Alphabetic symbol ordering
Absolute symbols

   Uses
      None
Comment: UARTDR unused
UARTFBRD 00000028

Symbol: UARTFBRD
   Definitions
      At line 63 in file my_Constants.s
   Uses
      None
Comment: UARTFBRD unused
UARTFR 00000018

Symbol: UARTFR
   Definitions
      At line 65 in file my_Constants.s
   Uses
      None
Comment: UARTFR unused
UARTIBRD 00000024

Symbol: UARTIBRD
   Definitions
      At line 62 in file my_Constants.s
   Uses
      None
Comment: UARTIBRD unused
UARTICR 00000044

Symbol: UARTICR
   Definitions
      At line 71 in file my_Constants.s
   Uses
      None
Comment: UARTICR unused
UARTIFLS 00000034

Symbol: UARTIFLS
   Definitions
      At line 67 in file my_Constants.s
   Uses
      None
Comment: UARTIFLS unused
UARTIM 00000038

Symbol: UARTIM
   Definitions
      At line 69 in file my_Constants.s
   Uses
      None
Comment: UARTIM unused
UARTLCRH 0000002C

Symbol: UARTLCRH
   Definitions
      At line 64 in file my_Constants.s
   Uses
      None
Comment: UARTLCRH unused



ARM Macro Assembler    Page 10 Alphabetic symbol ordering
Absolute symbols

UARTMIS 00000040

Symbol: UARTMIS
   Definitions
      At line 70 in file my_Constants.s
   Uses
      None
Comment: UARTMIS unused
UARTRIS 0000003C

Symbol: UARTRIS
   Definitions
      At line 68 in file my_Constants.s
   Uses
      None
Comment: UARTRIS unused
UARTRSR 00000004

Symbol: UARTRSR
   Definitions
      At line 66 in file my_Constants.s
   Uses
      None
Comment: UARTRSR unused
69 symbols



ARM Macro Assembler    Page 1 Alphabetic symbol ordering
External symbols

__main 00000000

Symbol: __main
   Definitions
      At line 295 in file startup_rvmdk.S
   Uses
      At line 296 in file startup_rvmdk.S
Comment: __main used once
__use_two_region_memory 00000000

Symbol: __use_two_region_memory
   Definitions
      At line 411 in file startup_rvmdk.S
   Uses
      None
Comment: __use_two_region_memory unused
2 symbols
431 symbols in table
